<?xml version="1.0" encoding="UTF-8"?>
<!-- Generated by org.testng.reporters.JUnitXMLReporter -->
<testsuite hostname="EVT01907NB" ignored="0" name="Default test" tests="6" failures="0" timestamp="09 Kas 2021 12:39:48 GMT" time="33.483" errors="0">
  <testcase name="openBrowser" time="1.21" classname="org.springframework.samples.petclinic.selenium.PetClinicSeleniumTest"/>
  <testcase name="createOwner" time="3.174" classname="org.springframework.samples.petclinic.selenium.PetClinicSeleniumTest"/>
  <testcase name="findOwner" time="5.557" classname="org.springframework.samples.petclinic.selenium.PetClinicSeleniumTest"/>
  <testcase name="updateOwner" time="2.489" classname="org.springframework.samples.petclinic.selenium.PetClinicSeleniumTest"/>
  <testcase name="addPet" time="4.716" classname="org.springframework.samples.petclinic.selenium.PetClinicSeleniumTest"/>
  <testcase name="addVisit" time="12.96" classname="org.springframework.samples.petclinic.selenium.PetClinicSeleniumTest"/>
</testsuite> <!-- Default test -->
